{"code":"ERR_HTTP_INVALID_STATUS_CODE","level":"error","service":"user-service","timestamp":"2024-11-01 19:26:01"}
{"address":"::","code":"EADDRINUSE","errno":-4091,"level":"error","port":5000,"service":"user-service","syscall":"listen","timestamp":"2024-12-06 01:39:39"}
{"level":"error","service":"user-service","timestamp":"2025-01-14 00:53:57"}
{"level":"error","service":"user-service","timestamp":"2025-01-14 00:56:11"}
{"level":"error","service":"user-service","timestamp":"2025-01-14 00:57:12"}
{"level":"error","message":"Database connection failed","service":"user-service","timestamp":"2025-01-17 20:50:14"}
{"level":"error","service":"user-service","timestamp":"2025-01-24 21:25:09"}
{"level":"error","service":"user-service","timestamp":"2025-01-24 21:25:13"}
{"clientVersion":"5.21.1","level":"error","name":"PrismaClientValidationError","service":"user-service","timestamp":"2025-01-24 23:05:42"}
{"clientVersion":"5.21.1","level":"error","name":"PrismaClientValidationError","service":"user-service","timestamp":"2025-01-24 23:31:22"}
{"level":"error","service":"user-service","timestamp":"2025-01-24 23:42:37"}
{"clientVersion":"5.21.1","code":"P2003","level":"error","meta":{"field_name":"students_academicSemesterId_fkey (index)","modelName":"Student"},"name":"PrismaClientKnownRequestError","service":"user-service","timestamp":"2025-01-24 23:47:51"}
{"clientVersion":"5.21.1","code":"P2003","level":"error","meta":{"field_name":"students_academicSemesterId_fkey (index)","modelName":"Student"},"name":"PrismaClientKnownRequestError","service":"user-service","timestamp":"2025-01-25 00:06:51"}
{"clientVersion":"5.21.1","code":"P2003","level":"error","meta":{"field_name":"students_academicSemesterId_fkey (index)","modelName":"Student"},"name":"PrismaClientKnownRequestError","service":"user-service","timestamp":"2025-01-25 00:08:54"}
{"clientVersion":"5.21.1","code":"P2003","level":"error","meta":{"field_name":"students_academicFacultyId_fkey (index)","modelName":"Student"},"name":"PrismaClientKnownRequestError","service":"user-service","timestamp":"2025-01-25 00:34:20"}
{"level":"error","message":"Database connection failed","service":"user-service","timestamp":"2025-01-29 21:41:37"}
{"level":"error","message":"Database connection failed","service":"user-service","timestamp":"2025-01-29 21:41:53"}
{"level":"error","message":"Database connection failed","service":"user-service","timestamp":"2025-01-29 21:42:03"}
{"level":"error","message":"Database connection failed","service":"user-service","timestamp":"2025-01-29 21:42:14"}
{"level":"error","message":"Database connection failed","service":"user-service","timestamp":"2025-01-29 21:42:17"}
{"level":"error","message":"Database connection failed","service":"user-service","timestamp":"2025-02-02 08:00:18"}
{"level":"error","message":"Database connection failed","service":"user-service","timestamp":"2025-02-02 08:18:23"}
{"level":"error","message":"Database connection failed","service":"user-service","timestamp":"2025-02-02 08:18:28"}
{"level":"error","message":"Database connection failed","service":"user-service","timestamp":"2025-02-02 08:18:33"}
{"level":"error","message":"Database connection failed","service":"user-service","timestamp":"2025-02-02 08:18:36"}
{"level":"error","service":"user-service","timestamp":"2025-02-02 08:18:47"}
{"level":"error","message":"Database connection failed","service":"user-service","timestamp":"2025-02-02 08:18:57"}
{"level":"error","message":"Database connection failed","service":"user-service","timestamp":"2025-02-02 08:39:21"}
{"level":"error","message":"Database connection failed","service":"user-service","timestamp":"2025-02-02 08:39:29"}
{"level":"error","service":"user-service","timestamp":"2025-02-26 23:28:24"}
{"level":"error","service":"user-service","timestamp":"2025-02-26 23:40:24"}
{"level":"error","service":"user-service","timestamp":"2025-02-26 23:44:58"}
{"level":"error","service":"user-service","timestamp":"2025-02-26 23:48:43"}
{"level":"error","service":"user-service","timestamp":"2025-02-26 23:53:37"}
{"level":"error","service":"user-service","timestamp":"2025-02-26 23:58:04"}
{"level":"error","service":"user-service","timestamp":"2025-02-27 00:00:06"}
{"level":"error","service":"user-service","timestamp":"2025-02-27 00:00:38"}
{"clientVersion":"5.21.1","code":"P2003","level":"error","meta":{"field_name":"superadmins_managementDepartmentId_fkey (index)","modelName":"SuperAdmin"},"name":"PrismaClientKnownRequestError","service":"user-service","timestamp":"2025-02-27 00:08:56"}
{"clientVersion":"5.21.1","code":"P2003","level":"error","meta":{"field_name":"superadmins_managementDepartmentId_fkey (index)","modelName":"SuperAdmin"},"name":"PrismaClientKnownRequestError","service":"user-service","timestamp":"2025-02-27 00:14:41"}
{"clientVersion":"5.21.1","code":"P2003","level":"error","meta":{"field_name":"superadmins_managementDepartmentId_fkey (index)","modelName":"SuperAdmin"},"name":"PrismaClientKnownRequestError","service":"user-service","timestamp":"2025-02-28 08:37:04"}
